<?xml version="1.0" encoding="UTF-8"?>
<!-- Generated by org.testng.reporters.JUnitXMLReporter -->
<testsuite ignored="0" hostname="DESKTOP-LC07NHQ" failures="0" tests="1" name="Test" time="0.119" errors="0" timestamp="2022-11-29T09:20:26 IST">
  <testcase classname="testscripts.TestBase" name="@BeforeMethod setUp" time="0.029">
    <failure type="java.lang.NullPointerException" message="Cannot invoke &amp;quot;String.toLowerCase()&amp;quot; because &amp;quot;browser&amp;quot; is null">
      <![CDATA[java.lang.NullPointerException: Cannot invoke "String.toLowerCase()" because "browser" is null
at base.PredefinedActions.start(PredefinedActions.java:46)
at testscripts.TestBase.setUp(TestBase.java:20)
at java.base/java.util.ArrayList.forEach(ArrayList.java:1511)
... Removed 31 stack frames]]>
    </failure>
  </testcase> <!-- @BeforeMethod setUp -->
  <testcase classname="testscripts.TestBase" name="@AfterMethod tearDown" time="-1.669693826047E9">
    <skipped/>
  </testcase> <!-- @AfterMethod tearDown -->
  <testcase classname="testscripts.MyInfoSalaryTest" name="verifyCtc" time="0.0">
    <skipped/>
  </testcase> <!-- verifyCtc -->
</testsuite> <!-- Test -->
