<?xml version="1.0" encoding="UTF-8"?>
<!-- Generated by org.testng.reporters.JUnitXMLReporter -->
<testsuite ignored="0" hostname="DESKTOP-LC07NHQ" failures="0" tests="1" name="Test" time="0.203" errors="0" timestamp="2022-11-29T09:11:21 IST">
  <testcase classname="testscripts.TestBase" name="@BeforeMethod setUp" time="0.012">
    <failure type="java.lang.NullPointerException" message="Cannot invoke &amp;quot;org.openqa.selenium.WebDriver.get(String)&amp;quot; because &amp;quot;base.PredefinedActions.driver&amp;quot; is null">
      <![CDATA[java.lang.NullPointerException: Cannot invoke "org.openqa.selenium.WebDriver.get(String)" because "base.PredefinedActions.driver" is null
at base.PredefinedActions.start(PredefinedActions.java:68)
at testscripts.TestBase.setUp(TestBase.java:20)
at java.base/java.util.ArrayList.forEach(ArrayList.java:1511)
... Removed 34 stack frames]]>
    </failure>
  </testcase> <!-- @BeforeMethod setUp -->
  <testcase classname="testscripts.TestBase" name="@AfterMethod tearDown" time="0.0">
    <skipped/>
  </testcase> <!-- @AfterMethod tearDown -->
  <testcase classname="testscripts.MyInfoSalaryTest" name="verifyCtc" time="0.001">
    <skipped/>
  </testcase> <!-- verifyCtc -->
</testsuite> <!-- Test -->
